/api/v1/phone?key=7whKFhq4Ri3I7TNW2x0G2fae4tges4tf3dss3r34 ___ POST ___ 1702835013899 ___ InternalServerError ___ connect ECONNREFUSED ::1:80
/api/v1/phone?key=7whKFhq4Ri3I7TNW2x0G2fae4tges4tf3dss3r34 ___ POST ___ 1702836462824 ___ InternalServerError ___ Cannot find module './utils/sms_generate'
Require stack:
- C:\Users\JONIBEK\Desktop\stroymarket_server\src\controllers\phone.js
- C:\Users\JONIBEK\Desktop\stroymarket_server\src\routes\phone.js
- C:\Users\JONIBEK\Desktop\stroymarket_server\src\routes\_index.js
- C:\Users\JONIBEK\Desktop\stroymarket_server\app.js
/api/v1/phone?key=7whKFhq4Ri3I7TNW2x0G2fae4tges4tf3dss3r34 ___ POST ___ 1702836505185 ___ InternalServerError ___ Cannot find module './utils/sms_generate'
Require stack:
- C:\Users\JONIBEK\Desktop\stroymarket_server\src\controllers\phone.js
- C:\Users\JONIBEK\Desktop\stroymarket_server\src\routes\phone.js
- C:\Users\JONIBEK\Desktop\stroymarket_server\src\routes\_index.js
- C:\Users\JONIBEK\Desktop\stroymarket_server\app.js
/api/v1/phone?key=7whKFhq4Ri3I7TNW2x0G2fae4tges4tf3dss3r34 ___ POST ___ 1702836545142 ___ InternalServerError ___ phoneModel.insertOne is not a function
/api/v1/phone?key=7whKFhq4Ri3I7TNW2x0G2fae4tges4tf3dss3r34 ___ POST ___ 1702836609656 ___ InternalServerError ___ phoneModel.insertOne is not a function
/api/v1/phone?key=7whKFhq4Ri3I7TNW2x0G2fae4tges4tf3dss3r34 ___ POST ___ 1702836628313 ___ InternalServerError ___ phoneModel.insertOne is not a function
/api/v1/phone?key=7whKFhq4Ri3I7TNW2x0G2fae4tges4tf3dss3r34 ___ POST ___ 1702836691258 ___ InternalServerError ___ phoneModel.insert is not a function
/api/v1/phone?key=7whKFhq4Ri3I7TNW2x0G2fae4tges4tf3dss3r34 ___ POST ___ 1702836778992 ___ InternalServerError ___ phoneModel.save is not a function
/api/v1/phone/verify?key=7whKFhq4Ri3I7TNW2x0G2fae4tges4tf3dss3r34 ___ POST ___ 1702837365359 ___ InternalServerError ___ Date.now is not a constructor
/api/v1/phone/verify?key=7whKFhq4Ri3I7TNW2x0G2fae4tges4tf3dss3r34 ___ POST ___ 1702837540050 ___ InternalServerError ___ Cannot read properties of null (reading 'date')
/api/v1/phone/verify?key=7whKFhq4Ri3I7TNW2x0G2fae4tges4tf3dss3r34 ___ POST ___ 1702837707712 ___ InternalServerError ___ Cannot read properties of null (reading 'date')
/api/v1/phone?key=7whKFhq4Ri3I7TNW2x0G2fae4tges4tf3dss3r34 ___ POST ___ 1706693266540 ___ InternalServerError ___ Request failed with status code 400
/api/v1/login?key=7whKFhq4Ri3I7TNW2x0G2fae4tges4tf3dss3r34 ___ POST ___ 1708161692102 ___ BadRequestError ___ Invalid login credentials
/api/v1/login?key=7whKFhq4Ri3I7TNW2x0G2fae4tges4tf3dss3r34 ___ POST ___ 1708161707357 ___ BadRequestError ___ Invalid login credentials
/api/v1/login?key=7whKFhq4Ri3I7TNW2x0G2fae4tges4tf3dss3r34 ___ POST ___ 1708161739818 ___ BadRequestError ___ Invalid login credentials
/api/v1/shop?key=7whKFhq4Ri3I7TNW2x0G2fae4tges4tf3dss3r34 ___ GET ___ 1708163811043 ___ InternalServerError ___ TypeError: User.findon is not a function
/api/v1/admin/65d1ce068249af737c3ad7343?key=7whKFhq4Ri3I7TNW2x0G2fae4tges4tf3dss3r34 ___ GET ___ 1708250299118 ___ InternalServerError ___ Cast to ObjectId failed for value "65d1ce068249af737c3ad7343" (type string) at path "_id" for model "admin"
/api/v1/admin/65d1ce068249af737c3ad7433?key=7whKFhq4Ri3I7TNW2x0G2fae4tges4tf3dss3r34 ___ GET ___ 1708250325080 ___ InternalServerError ___ Cast to ObjectId failed for value "65d1ce068249af737c3ad7433" (type string) at path "_id" for model "admin"
/api/v1/admin/65d1ce068249af737c3ad7433?key=7whKFhq4Ri3I7TNW2x0G2fae4tges4tf3dss3r34 ___ GET ___ 1708250326133 ___ InternalServerError ___ Cast to ObjectId failed for value "65d1ce068249af737c3ad7433" (type string) at path "_id" for model "admin"
/api/v1/admin/65d1ce068249af737c3ad7433?key=7whKFhq4Ri3I7TNW2x0G2fae4tges4tf3dss3r34 ___ GET ___ 1708250326953 ___ InternalServerError ___ Cast to ObjectId failed for value "65d1ce068249af737c3ad7433" (type string) at path "_id" for model "admin"
/api/v1/service/create?key=7whKFhq4Ri3I7TNW2x0G2fae4tges4tf3dss3r34 ___ POST ___ 1708414199924 ___ MulterError ___ Unexpected field
/api/v1/service/create?key=7whKFhq4Ri3I7TNW2x0G2fae4tges4tf3dss3r34 ___ POST ___ 1708414220423 ___ MulterError ___ Unexpected field
/api/v1/service/create?key=7whKFhq4Ri3I7TNW2x0G2fae4tges4tf3dss3r34 ___ POST ___ 1708414260580 ___ MulterError ___ Unexpected field
/api/v1/service/create?key=7whKFhq4Ri3I7TNW2x0G2fae4tges4tf3dss3r34 ___ POST ___ 1708414261797 ___ MulterError ___ Unexpected field
/api/v1/service/create?key=7whKFhq4Ri3I7TNW2x0G2fae4tges4tf3dss3r34 ___ POST ___ 1708414303301 ___ MulterError ___ Unexpected field
